0 info it worked if it ends with ok
1 verbose cli [
1 verbose cli   'C:\\Program Files\\nodejs\\node.exe',
1 verbose cli   'C:\\Program Files\\nodejs\\node_modules\\npm\\bin\\npm-cli.js',
1 verbose cli   'run',
1 verbose cli   'lint',
1 verbose cli   '--no-cache'
1 verbose cli ]
2 info using npm@6.14.13
3 info using node@v14.17.3
4 verbose run-script [ 'prelint', 'lint', 'postlint' ]
5 info lifecycle hamsiyebalik.com@0.1.0~prelint: hamsiyebalik.com@0.1.0
6 info lifecycle hamsiyebalik.com@0.1.0~lint: hamsiyebalik.com@0.1.0
7 verbose lifecycle hamsiyebalik.com@0.1.0~lint: unsafe-perm in lifecycle true
8 verbose lifecycle hamsiyebalik.com@0.1.0~lint: PATH: C:\Program Files\nodejs\node_modules\npm\node_modules\npm-lifecycle\node-gyp-bin;C:\Users\samet\Desktop\fishrestaurant\node_modules\.bin;C:\Python39\Scripts\;C:\Python39\;C:\Windows\system32;C:\Windows;C:\Windows\System32\Wbem;C:\Windows\System32\WindowsPowerShell\v1.0\;C:\Windows\System32\OpenSSH\;C:\Program Files (x86)\NVIDIA Corporation\PhysX\Common;C:\Program Files\NVIDIA Corporation\NVIDIA NvDLISR;C:\Program Files\Git\cmd;C:\ProgramData\chocolatey\bin;C:\Program Files\nodejs\;C:\Users\samet\AppData\Local\Microsoft\WindowsApps;;C:\Users\samet\AppData\Local\Programs\Microsoft VS Code\bin;C:\Users\samet\AppData\Roaming\npm
9 verbose lifecycle hamsiyebalik.com@0.1.0~lint: CWD: C:\Users\samet\Desktop\fishrestaurant
10 silly lifecycle hamsiyebalik.com@0.1.0~lint: Args: [ '/d /s /c', 'next lint' ]
11 silly lifecycle hamsiyebalik.com@0.1.0~lint: Returned: code: 1  signal: null
12 info lifecycle hamsiyebalik.com@0.1.0~lint: Failed to exec lint script
13 verbose stack Error: hamsiyebalik.com@0.1.0 lint: `next lint`
13 verbose stack Exit status 1
13 verbose stack     at EventEmitter.<anonymous> (C:\Program Files\nodejs\node_modules\npm\node_modules\npm-lifecycle\index.js:332:16)
13 verbose stack     at EventEmitter.emit (events.js:375:28)
13 verbose stack     at ChildProcess.<anonymous> (C:\Program Files\nodejs\node_modules\npm\node_modules\npm-lifecycle\lib\spawn.js:55:14)
13 verbose stack     at ChildProcess.emit (events.js:375:28)
13 verbose stack     at maybeClose (internal/child_process.js:1055:16)
13 verbose stack     at Process.ChildProcess._handle.onexit (internal/child_process.js:288:5)
14 verbose pkgid hamsiyebalik.com@0.1.0
15 verbose cwd C:\Users\samet\Desktop\fishrestaurant
16 verbose Windows_NT 10.0.19043
17 verbose argv "C:\\Program Files\\nodejs\\node.exe" "C:\\Program Files\\nodejs\\node_modules\\npm\\bin\\npm-cli.js" "run" "lint" "--no-cache"
18 verbose node v14.17.3
19 verbose npm  v6.14.13
20 error code ELIFECYCLE
21 error errno 1
22 error hamsiyebalik.com@0.1.0 lint: `next lint`
22 error Exit status 1
23 error Failed at the hamsiyebalik.com@0.1.0 lint script.
23 error This is probably not a problem with npm. There is likely additional logging output above.
24 verbose exit [ 1, true ]
